<?xml version="1.0" encoding="UTF-8"?>
<testsuite xmlns:xsi="http://www.w3.org/2001/XMLSchema-instance" xsi:noNamespaceSchemaLocation="https://maven.apache.org/surefire/maven-surefire-plugin/xsd/surefire-test-report-3.0.xsd" version="3.0" name="com.example.AppTest" time="0.112" tests="1" errors="0" skipped="0" failures="0">
  <properties>
    <property name="java.specification.version" value="19"/>
    <property name="sun.cpu.isalist" value="amd64"/>
    <property name="sun.jnu.encoding" value="Cp1252"/>
    <property name="java.class.path" value="C:\Users\ferdowsi\Downloads\Work\ali\projekts\demo\target\test-classes;C:\Users\ferdowsi\Downloads\Work\ali\projekts\demo\target\classes;C:\Users\ferdowsi\.m2\repository\org\junit\jupiter\junit-jupiter-api\5.6.0\junit-jupiter-api-5.6.0.jar;C:\Users\ferdowsi\.m2\repository\org\apiguardian\apiguardian-api\1.1.0\apiguardian-api-1.1.0.jar;C:\Users\ferdowsi\.m2\repository\org\opentest4j\opentest4j\1.2.0\opentest4j-1.2.0.jar;C:\Users\ferdowsi\.m2\repository\org\junit\platform\junit-platform-commons\1.6.0\junit-platform-commons-1.6.0.jar;C:\Users\ferdowsi\.m2\repository\org\junit\jupiter\junit-jupiter-engine\5.6.0\junit-jupiter-engine-5.6.0.jar;C:\Users\ferdowsi\.m2\repository\org\junit\platform\junit-platform-engine\1.6.0\junit-platform-engine-1.6.0.jar;C:\Users\ferdowsi\.m2\repository\com\github\discord-jda\JDA\v5.0.0-beta.12\JDA-v5.0.0-beta.12.jar;C:\Users\ferdowsi\.m2\repository\org\slf4j\slf4j-api\1.7.36\slf4j-api-1.7.36.jar;C:\Users\ferdowsi\.m2\repository\com\neovisionaries\nv-websocket-client\2.14\nv-websocket-client-2.14.jar;C:\Users\ferdowsi\.m2\repository\com\squareup\okhttp3\okhttp\4.10.0\okhttp-4.10.0.jar;C:\Users\ferdowsi\.m2\repository\com\squareup\okio\okio-jvm\3.0.0\okio-jvm-3.0.0.jar;C:\Users\ferdowsi\.m2\repository\org\jetbrains\kotlin\kotlin-stdlib-jdk8\1.5.31\kotlin-stdlib-jdk8-1.5.31.jar;C:\Users\ferdowsi\.m2\repository\org\jetbrains\kotlin\kotlin-stdlib-jdk7\1.5.31\kotlin-stdlib-jdk7-1.5.31.jar;C:\Users\ferdowsi\.m2\repository\org\jetbrains\kotlin\kotlin-stdlib-common\1.5.31\kotlin-stdlib-common-1.5.31.jar;C:\Users\ferdowsi\.m2\repository\org\jetbrains\kotlin\kotlin-stdlib\1.6.20\kotlin-stdlib-1.6.20.jar;C:\Users\ferdowsi\.m2\repository\org\jetbrains\annotations\13.0\annotations-13.0.jar;C:\Users\ferdowsi\.m2\repository\club\minnced\opus-java\1.1.1\opus-java-1.1.1.jar;C:\Users\ferdowsi\.m2\repository\club\minnced\opus-java-api\1.1.1\opus-java-api-1.1.1.jar;C:\Users\ferdowsi\.m2\repository\net\java\dev\jna\jna\4.4.0\jna-4.4.0.jar;C:\Users\ferdowsi\.m2\repository\club\minnced\opus-java-natives\1.1.1\opus-java-natives-1.1.1.jar;C:\Users\ferdowsi\.m2\repository\org\apache\commons\commons-collections4\4.4\commons-collections4-4.4.jar;C:\Users\ferdowsi\.m2\repository\net\sf\trove4j\trove4j\3.0.3\trove4j-3.0.3.jar;C:\Users\ferdowsi\.m2\repository\com\fasterxml\jackson\core\jackson-core\2.14.1\jackson-core-2.14.1.jar;C:\Users\ferdowsi\.m2\repository\com\fasterxml\jackson\core\jackson-databind\2.14.1\jackson-databind-2.14.1.jar;C:\Users\ferdowsi\.m2\repository\com\fasterxml\jackson\core\jackson-annotations\2.14.1\jackson-annotations-2.14.1.jar;C:\Users\ferdowsi\.m2\repository\net\sf\sociaal\freetts\1.2.2\freetts-1.2.2.jar;C:\Users\ferdowsi\Downloads\Work\ali\projekts\demo\lib\cmu_us_kal.jar;C:\Users\ferdowsi\Downloads\Work\ali\projekts\demo\lib\en_us.jar;C:\Users\ferdowsi\Downloads\Work\ali\projekts\demo\lib\cmu_time_awb.jar;C:\Users\ferdowsi\Downloads\Work\ali\projekts\demo\lib\cmulex.jar;C:\Users\ferdowsi\Downloads\Work\ali\projekts\demo\lib\cmutimelex.jar;C:\Users\ferdowsi\Downloads\Work\ali\projekts\demo\lib\cmudict04.jar;C:\Users\ferdowsi\.m2\repository\com\github\sedmelluq\lavaplayer\1.3.78\lavaplayer-1.3.78.jar;C:\Users\ferdowsi\.m2\repository\com\sedmelluq\lava-common\1.1.2\lava-common-1.1.2.jar;C:\Users\ferdowsi\.m2\repository\org\apache\httpcomponents\httpclient\4.5.10\httpclient-4.5.10.jar;C:\Users\ferdowsi\.m2\repository\org\apache\httpcomponents\httpcore\4.4.12\httpcore-4.4.12.jar;C:\Users\ferdowsi\.m2\repository\commons-logging\commons-logging\1.2\commons-logging-1.2.jar;C:\Users\ferdowsi\.m2\repository\commons-codec\commons-codec\1.11\commons-codec-1.11.jar;C:\Users\ferdowsi\.m2\repository\com\sedmelluq\lavaplayer-natives\1.3.14\lavaplayer-natives-1.3.14.jar;C:\Users\ferdowsi\.m2\repository\commons-io\commons-io\2.6\commons-io-2.6.jar;C:\Users\ferdowsi\.m2\repository\org\jsoup\jsoup\1.12.1\jsoup-1.12.1.jar;C:\Users\ferdowsi\.m2\repository\net\iharder\base64\2.3.9\base64-2.3.9.jar;"/>
    <property name="java.vm.vendor" value="Oracle Corporation"/>
    <property name="sun.arch.data.model" value="64"/>
    <property name="user.variant" value=""/>
    <property name="java.vendor.url" value="https://java.oracle.com/"/>
    <property name="user.timezone" value="Europe/Berlin"/>
    <property name="os.name" value="Windows 10"/>
    <property name="java.vm.specification.version" value="19"/>
    <property name="sun.java.launcher" value="SUN_STANDARD"/>
    <property name="user.country" value="US"/>
    <property name="sun.boot.library.path" value="C:\Program Files\Java\jdk-19\bin"/>
    <property name="sun.java.command" value="C:\Users\ferdowsi\AppData\Local\Temp\surefire831225608453596359\surefirebooter11359811342102792058.jar C:\Users\ferdowsi\AppData\Local\Temp\surefire831225608453596359 2023-07-08T20-53-22_496-jvmRun1 surefire13409412299382895196tmp surefire_0429543379427032065tmp"/>
    <property name="jdk.debug" value="release"/>
    <property name="surefire.test.class.path" value="C:\Users\ferdowsi\Downloads\Work\ali\projekts\demo\target\test-classes;C:\Users\ferdowsi\Downloads\Work\ali\projekts\demo\target\classes;C:\Users\ferdowsi\.m2\repository\org\junit\jupiter\junit-jupiter-api\5.6.0\junit-jupiter-api-5.6.0.jar;C:\Users\ferdowsi\.m2\repository\org\apiguardian\apiguardian-api\1.1.0\apiguardian-api-1.1.0.jar;C:\Users\ferdowsi\.m2\repository\org\opentest4j\opentest4j\1.2.0\opentest4j-1.2.0.jar;C:\Users\ferdowsi\.m2\repository\org\junit\platform\junit-platform-commons\1.6.0\junit-platform-commons-1.6.0.jar;C:\Users\ferdowsi\.m2\repository\org\junit\jupiter\junit-jupiter-engine\5.6.0\junit-jupiter-engine-5.6.0.jar;C:\Users\ferdowsi\.m2\repository\org\junit\platform\junit-platform-engine\1.6.0\junit-platform-engine-1.6.0.jar;C:\Users\ferdowsi\.m2\repository\com\github\discord-jda\JDA\v5.0.0-beta.12\JDA-v5.0.0-beta.12.jar;C:\Users\ferdowsi\.m2\repository\org\slf4j\slf4j-api\1.7.36\slf4j-api-1.7.36.jar;C:\Users\ferdowsi\.m2\repository\com\neovisionaries\nv-websocket-client\2.14\nv-websocket-client-2.14.jar;C:\Users\ferdowsi\.m2\repository\com\squareup\okhttp3\okhttp\4.10.0\okhttp-4.10.0.jar;C:\Users\ferdowsi\.m2\repository\com\squareup\okio\okio-jvm\3.0.0\okio-jvm-3.0.0.jar;C:\Users\ferdowsi\.m2\repository\org\jetbrains\kotlin\kotlin-stdlib-jdk8\1.5.31\kotlin-stdlib-jdk8-1.5.31.jar;C:\Users\ferdowsi\.m2\repository\org\jetbrains\kotlin\kotlin-stdlib-jdk7\1.5.31\kotlin-stdlib-jdk7-1.5.31.jar;C:\Users\ferdowsi\.m2\repository\org\jetbrains\kotlin\kotlin-stdlib-common\1.5.31\kotlin-stdlib-common-1.5.31.jar;C:\Users\ferdowsi\.m2\repository\org\jetbrains\kotlin\kotlin-stdlib\1.6.20\kotlin-stdlib-1.6.20.jar;C:\Users\ferdowsi\.m2\repository\org\jetbrains\annotations\13.0\annotations-13.0.jar;C:\Users\ferdowsi\.m2\repository\club\minnced\opus-java\1.1.1\opus-java-1.1.1.jar;C:\Users\ferdowsi\.m2\repository\club\minnced\opus-java-api\1.1.1\opus-java-api-1.1.1.jar;C:\Users\ferdowsi\.m2\repository\net\java\dev\jna\jna\4.4.0\jna-4.4.0.jar;C:\Users\ferdowsi\.m2\repository\club\minnced\opus-java-natives\1.1.1\opus-java-natives-1.1.1.jar;C:\Users\ferdowsi\.m2\repository\org\apache\commons\commons-collections4\4.4\commons-collections4-4.4.jar;C:\Users\ferdowsi\.m2\repository\net\sf\trove4j\trove4j\3.0.3\trove4j-3.0.3.jar;C:\Users\ferdowsi\.m2\repository\com\fasterxml\jackson\core\jackson-core\2.14.1\jackson-core-2.14.1.jar;C:\Users\ferdowsi\.m2\repository\com\fasterxml\jackson\core\jackson-databind\2.14.1\jackson-databind-2.14.1.jar;C:\Users\ferdowsi\.m2\repository\com\fasterxml\jackson\core\jackson-annotations\2.14.1\jackson-annotations-2.14.1.jar;C:\Users\ferdowsi\.m2\repository\net\sf\sociaal\freetts\1.2.2\freetts-1.2.2.jar;C:\Users\ferdowsi\Downloads\Work\ali\projekts\demo\lib\cmu_us_kal.jar;C:\Users\ferdowsi\Downloads\Work\ali\projekts\demo\lib\en_us.jar;C:\Users\ferdowsi\Downloads\Work\ali\projekts\demo\lib\cmu_time_awb.jar;C:\Users\ferdowsi\Downloads\Work\ali\projekts\demo\lib\cmulex.jar;C:\Users\ferdowsi\Downloads\Work\ali\projekts\demo\lib\cmutimelex.jar;C:\Users\ferdowsi\Downloads\Work\ali\projekts\demo\lib\cmudict04.jar;C:\Users\ferdowsi\.m2\repository\com\github\sedmelluq\lavaplayer\1.3.78\lavaplayer-1.3.78.jar;C:\Users\ferdowsi\.m2\repository\com\sedmelluq\lava-common\1.1.2\lava-common-1.1.2.jar;C:\Users\ferdowsi\.m2\repository\org\apache\httpcomponents\httpclient\4.5.10\httpclient-4.5.10.jar;C:\Users\ferdowsi\.m2\repository\org\apache\httpcomponents\httpcore\4.4.12\httpcore-4.4.12.jar;C:\Users\ferdowsi\.m2\repository\commons-logging\commons-logging\1.2\commons-logging-1.2.jar;C:\Users\ferdowsi\.m2\repository\commons-codec\commons-codec\1.11\commons-codec-1.11.jar;C:\Users\ferdowsi\.m2\repository\com\sedmelluq\lavaplayer-natives\1.3.14\lavaplayer-natives-1.3.14.jar;C:\Users\ferdowsi\.m2\repository\commons-io\commons-io\2.6\commons-io-2.6.jar;C:\Users\ferdowsi\.m2\repository\org\jsoup\jsoup\1.12.1\jsoup-1.12.1.jar;C:\Users\ferdowsi\.m2\repository\net\iharder\base64\2.3.9\base64-2.3.9.jar;"/>
    <property name="sun.cpu.endian" value="little"/>
    <property name="user.home" value="C:\Users\ferdowsi"/>
    <property name="user.language" value="en"/>
    <property name="java.specification.vendor" value="Oracle Corporation"/>
    <property name="java.version.date" value="2023-01-17"/>
    <property name="java.home" value="C:\Program Files\Java\jdk-19"/>
    <property name="file.separator" value="\"/>
    <property name="basedir" value="C:\Users\ferdowsi\Downloads\Work\ali\projekts\demo"/>
    <property name="java.vm.compressedOopsMode" value="Zero based"/>
    <property name="line.separator" value="&#10;"/>
    <property name="java.vm.specification.vendor" value="Oracle Corporation"/>
    <property name="java.specification.name" value="Java Platform API Specification"/>
    <property name="surefire.real.class.path" value="C:\Users\ferdowsi\AppData\Local\Temp\surefire831225608453596359\surefirebooter11359811342102792058.jar"/>
    <property name="user.script" value=""/>
    <property name="sun.management.compiler" value="HotSpot 64-Bit Tiered Compilers"/>
    <property name="java.runtime.version" value="19.0.2+7-44"/>
    <property name="user.name" value="ferdowsi"/>
    <property name="stdout.encoding" value="Cp1252"/>
    <property name="path.separator" value=";"/>
    <property name="os.version" value="10.0"/>
    <property name="java.runtime.name" value="Java(TM) SE Runtime Environment"/>
    <property name="file.encoding" value="UTF-8"/>
    <property name="java.vm.name" value="Java HotSpot(TM) 64-Bit Server VM"/>
    <property name="localRepository" value="C:\Users\ferdowsi\.m2\repository"/>
    <property name="java.vendor.url.bug" value="https://bugreport.java.com/bugreport/"/>
    <property name="java.io.tmpdir" value="C:\Users\ferdowsi\AppData\Local\Temp\"/>
    <property name="java.version" value="19.0.2"/>
    <property name="user.dir" value="C:\Users\ferdowsi\Downloads\Work\ali\projekts\demo"/>
    <property name="os.arch" value="amd64"/>
    <property name="java.vm.specification.name" value="Java Virtual Machine Specification"/>
    <property name="sun.os.patch.level" value=""/>
    <property name="native.encoding" value="Cp1252"/>
    <property name="java.library.path" value="C:\Program Files\Java\jdk-19\bin;C:\WINDOWS\Sun\Java\bin;C:\WINDOWS\system32;C:\WINDOWS;C:\Program Files (x86)\NVIDIA Corporation\PhysX\Common;C:\Program Files\Common Files\Oracle\Java\javapath;C:\WINDOWS\system32;C:\WINDOWS;C:\WINDOWS\System32\Wbem;C:\WINDOWS\System32\WindowsPowerShell\v1.0\;C:\WINDOWS\System32\OpenSSH\;C:\Program Files\Java\jdk-19\bin;C:\Program Files\Java\jdk-19;C:\Program Files\Docker\Docker\resources\bin;C:\Program Files\PostgreSQL\15\bin;C:\Program Files\MySQL\MySQL Server 8.0\bin;C:\Program Files\apache-maven-3.9.0\bin;C:\Program Files\nodejs\;C:\Program Files\MySQL\MySQL Shell 8.0\bin\;C:\Users\ferdowsi\AppData\Local\Microsoft\WindowsApps;C:\Users\ferdowsi\AppData\Local\Programs\Microsoft VS Code\bin;C:\Users\ferdowsi\AppData\Local\Programs\Git\cmd;C:\Program Files\PostgreSQL\15\bin\psql;C:\Users\ferdowsi\AppData\Roaming\npm;."/>
    <property name="java.vm.info" value="mixed mode, sharing"/>
    <property name="stderr.encoding" value="Cp1252"/>
    <property name="java.vendor" value="Oracle Corporation"/>
    <property name="java.vm.version" value="19.0.2+7-44"/>
    <property name="sun.io.unicode.encoding" value="UnicodeLittle"/>
    <property name="java.class.version" value="63.0"/>
  </properties>
  <testcase name="testApp" classname="com.example.AppTest" time="0.076">
    <system-err><![CDATA[java.lang.instrument.IllegalClassFormatException: Error while instrumenting com/example/AppTest.
	at org.jacoco.agent.rt.internal_035b120.CoverageTransformer.transform(CoverageTransformer.java:93)
	at java.instrument/java.lang.instrument.ClassFileTransformer.transform(ClassFileTransformer.java:244)
	at java.instrument/sun.instrument.TransformerManager.transform(TransformerManager.java:188)
	at java.instrument/sun.instrument.InstrumentationImpl.transform(InstrumentationImpl.java:541)
	at java.base/java.lang.ClassLoader.defineClass1(Native Method)
	at java.base/java.lang.ClassLoader.defineClass(ClassLoader.java:1013)
	at java.base/java.security.SecureClassLoader.defineClass(SecureClassLoader.java:150)
	at java.base/jdk.internal.loader.BuiltinClassLoader.defineClass(BuiltinClassLoader.java:862)
	at java.base/jdk.internal.loader.BuiltinClassLoader.findClassOnClassPathOrNull(BuiltinClassLoader.java:760)
	at java.base/jdk.internal.loader.BuiltinClassLoader.loadClassOrNull(BuiltinClassLoader.java:681)
	at java.base/jdk.internal.loader.BuiltinClassLoader.loadClass(BuiltinClassLoader.java:639)
	at java.base/jdk.internal.loader.ClassLoaders$AppClassLoader.loadClass(ClassLoaders.java:188)
	at java.base/java.lang.ClassLoader.loadClass(ClassLoader.java:521)
	at org.apache.maven.surefire.api.util.DefaultScanResult.loadClass(DefaultScanResult.java:136)
	at org.apache.maven.surefire.api.util.DefaultScanResult.applyFilter(DefaultScanResult.java:100)
	at org.apache.maven.surefire.junitplatform.JUnitPlatformProvider.scanClasspath(JUnitPlatformProvider.java:147)
	at org.apache.maven.surefire.junitplatform.JUnitPlatformProvider.invoke(JUnitPlatformProvider.java:128)
	at org.apache.maven.surefire.booter.ForkedBooter.runSuitesInProcess(ForkedBooter.java:428)
	at org.apache.maven.surefire.booter.ForkedBooter.execute(ForkedBooter.java:162)
	at org.apache.maven.surefire.booter.ForkedBooter.run(ForkedBooter.java:562)
	at org.apache.maven.surefire.booter.ForkedBooter.main(ForkedBooter.java:548)
Caused by: java.io.IOException: Error while instrumenting com/example/AppTest.
	at org.jacoco.agent.rt.internal_035b120.core.instr.Instrumenter.instrumentError(Instrumenter.java:158)
	at org.jacoco.agent.rt.internal_035b120.core.instr.Instrumenter.instrument(Instrumenter.java:108)
	at org.jacoco.agent.rt.internal_035b120.CoverageTransformer.transform(CoverageTransformer.java:91)
	... 20 more
Caused by: java.lang.IllegalArgumentException: Unsupported class file major version 61
	at org.jacoco.agent.rt.internal_035b120.asm.ClassReader.<init>(ClassReader.java:195)
	at org.jacoco.agent.rt.internal_035b120.asm.ClassReader.<init>(ClassReader.java:176)
	at org.jacoco.agent.rt.internal_035b120.asm.ClassReader.<init>(ClassReader.java:162)
	at org.jacoco.agent.rt.internal_035b120.core.internal.instr.InstrSupport.classReaderFor(InstrSupport.java:279)
	at org.jacoco.agent.rt.internal_035b120.core.instr.Instrumenter.instrument(Instrumenter.java:74)
	at org.jacoco.agent.rt.internal_035b120.core.instr.Instrumenter.instrument(Instrumenter.java:106)
	... 21 more
]]></system-err>
  </testcase>
</testsuite>